<?xml version="1.0" encoding="UTF-8"?>
<coverage generated="1255616010" phpunit="3.4.0">
  <project name="de::buzz2ee::aop::AllTests" timestamp="1255616010">
    <package name="de">
      <file name="/home/manu/Desktop/workspace/example.com/trunk/components/aop/source/pointcut/PointcutAndMatcher.php">
        <class name="de\PointcutAndMatcher" namespace="de" fullPackage="de">
          <metrics methods="1" coveredmethods="1" statements="1" coveredstatements="1" elements="2" coveredelements="2"/>
        </class>
        <line num="28" type="method" name="de\match" count="4"/>
        <line num="30" type="stmt" count="4"/>
        <metrics loc="31" ncloc="14" classes="1" methods="1" coveredmethods="1" statements="1" coveredstatements="1" elements="2" coveredelements="2"/>
      </file>
      <file name="/home/manu/Desktop/workspace/example.com/trunk/components/aop/source/pointcut/PointcutBinaryMatcher.php">
        <class name="de\PointcutBinaryMatcher" namespace="de" fullPackage="de">
          <metrics methods="3" coveredmethods="3" statements="5" coveredstatements="5" elements="8" coveredelements="8"/>
        </class>
        <line num="32" type="method" name="de\__construct" count="11"/>
        <line num="34" type="stmt" count="11"/>
        <line num="35" type="stmt" count="11"/>
        <line num="36" type="stmt" count="11"/>
        <line num="43" type="method" name="de\matchLeft" count="8"/>
        <line num="45" type="stmt" count="8"/>
        <line num="53" type="method" name="de\matchRight" count="4"/>
        <line num="55" type="stmt" count="4"/>
        <metrics loc="56" ncloc="28" classes="1" methods="3" coveredmethods="3" statements="5" coveredstatements="5" elements="8" coveredelements="8"/>
      </file>
      <file name="/home/manu/Desktop/workspace/example.com/trunk/components/aop/source/pointcut/PointcutExecutionMatcher.php">
        <class name="de\PointcutExecutionMatcher" namespace="de" fullPackage="de">
          <metrics methods="4" coveredmethods="4" statements="19" coveredstatements="19" elements="23" coveredelements="23"/>
        </class>
        <line num="44" type="method" name="de\__construct" count="12"/>
        <line num="46" type="stmt" count="12"/>
        <line num="47" type="stmt" count="12"/>
        <line num="48" type="stmt" count="12"/>
        <line num="49" type="stmt" count="12"/>
        <line num="56" type="method" name="de\match" count="9"/>
        <line num="58" type="stmt" count="9"/>
        <line num="59" type="stmt" count="9"/>
        <line num="60" type="stmt" count="9"/>
        <line num="61" type="stmt" count="9"/>
        <line num="62" type="stmt" count="9"/>
        <line num="63" type="stmt" count="9"/>
        <line num="64" type="stmt" count="9"/>
        <line num="65" type="stmt" count="9"/>
        <line num="66" type="stmt" count="9"/>
        <line num="67" type="stmt" count="9"/>
        <line num="68" type="stmt" count="9"/>
        <line num="69" type="stmt" count="9"/>
        <line num="71" type="stmt" count="9"/>
        <line num="74" type="method" name="de\_prepareRegexp" count="9"/>
        <line num="76" type="stmt" count="9"/>
        <line num="79" type="method" name="de\_prepareNamespaceDelimiter" count="9"/>
        <line num="81" type="stmt" count="9"/>
        <metrics loc="82" ncloc="51" classes="1" methods="4" coveredmethods="4" statements="19" coveredstatements="19" elements="23" coveredelements="23"/>
      </file>
      <file name="/home/manu/Desktop/workspace/example.com/trunk/components/aop/source/exceptions/InvalidPointcutExpressionException.php">
        <class name="de\InvalidPointcutExpressionException" namespace="de" fullPackage="de">
          <metrics methods="1" coveredmethods="1" statements="2" coveredstatements="2" elements="3" coveredelements="3"/>
        </class>
        <line num="23" type="method" name="de\__construct" count="3"/>
        <line num="25" type="stmt" count="3"/>
        <line num="26" type="stmt" count="3"/>
        <metrics loc="26" ncloc="10" classes="1" methods="1" coveredmethods="1" statements="2" coveredstatements="2" elements="3" coveredelements="3"/>
      </file>
      <file name="/home/manu/Desktop/workspace/example.com/trunk/components/aop/source/pointcut/PointcutExpressionParser.php">
        <class name="de\PointcutExpressionParser" namespace="de" fullPackage="de">
          <metrics methods="7" coveredmethods="7" statements="67" coveredstatements="67" elements="74" coveredelements="74"/>
        </class>
        <line num="47" type="method" name="de\parse" count="9"/>
        <line num="49" type="stmt" count="9"/>
        <line num="51" type="stmt" count="9"/>
        <line num="52" type="stmt" count="9"/>
        <line num="54" type="stmt" count="9"/>
        <line num="55" type="stmt" count="9"/>
        <line num="56" type="stmt" count="1"/>
        <line num="58" type="stmt" count="8"/>
        <line num="66" type="method" name="de\_splitCombinedExpressions" count="9"/>
        <line num="68" type="stmt" count="9"/>
        <line num="69" type="stmt" count="9"/>
        <line num="70" type="stmt" count="9"/>
        <line num="71" type="stmt" count="9"/>
        <line num="72" type="stmt" count="9"/>
        <line num="73" type="stmt" count="9"/>
        <line num="74" type="stmt" count="9"/>
        <line num="75" type="stmt" count="9"/>
        <line num="76" type="stmt" count="9"/>
        <line num="79" type="method" name="de\_parsePointcutBinaryMatcher" count="8"/>
        <line num="81" type="stmt" count="8"/>
        <line num="83" type="stmt" count="6"/>
        <line num="84" type="stmt" count="6"/>
        <line num="85" type="stmt" count="3"/>
        <line num="86" type="stmt" count="3"/>
        <line num="87" type="stmt" count="1"/>
        <line num="88" type="stmt" count="1"/>
        <line num="89" type="stmt" count="1"/>
        <line num="90" type="stmt" count="1"/>
        <line num="91" type="stmt" count="2"/>
        <line num="92" type="stmt" count="2"/>
        <line num="93" type="stmt" count="2"/>
        <line num="94" type="stmt" count="2"/>
        <line num="95" type="stmt" count="2"/>
        <line num="96" type="stmt" count="2"/>
        <line num="97" type="stmt" count="3"/>
        <line num="99" type="stmt" count="6"/>
        <line num="107" type="method" name="de\_parsePointcutNotMatcher" count="8"/>
        <line num="109" type="stmt" count="8"/>
        <line num="110" type="stmt" count="8"/>
        <line num="111" type="stmt" count="3"/>
        <line num="112" type="stmt" count="3"/>
        <line num="113" type="stmt" count="3"/>
        <line num="114" type="stmt" count="3"/>
        <line num="115" type="stmt" count="2"/>
        <line num="117" type="stmt" count="8"/>
        <line num="125" type="method" name="de\_parsePointcutMatcher" count="8"/>
        <line num="127" type="stmt" count="8"/>
        <line num="128" type="stmt" count="8"/>
        <line num="129" type="stmt" count="3"/>
        <line num="130" type="stmt" count="3"/>
        <line num="131" type="stmt" count="3"/>
        <line num="132" type="stmt" count="3"/>
        <line num="133" type="stmt" count="3"/>
        <line num="135" type="stmt" count="5"/>
        <line num="136" type="stmt" count="5"/>
        <line num="137" type="stmt" count="4"/>
        <line num="138" type="stmt" count="4"/>
        <line num="139" type="stmt" count="4"/>
        <line num="140" type="stmt" count="4"/>
        <line num="142" type="stmt" count="1"/>
        <line num="151" type="method" name="de\_parseDesignator" count="4"/>
        <line num="155" type="stmt" count="4"/>
        <line num="156" type="stmt" count="4"/>
        <line num="157" type="stmt" count="3"/>
        <line num="159" type="stmt" count="3"/>
        <line num="167" type="method" name="de\_parseExecutionDesignator" count="4"/>
        <line num="169" type="stmt" count="4"/>
        <line num="170" type="stmt" count="4"/>
        <line num="171" type="stmt" count="3"/>
        <line num="172" type="stmt" count="3"/>
        <line num="173" type="stmt" count="3"/>
        <line num="174" type="stmt" count="3"/>
        <line num="175" type="stmt" count="3"/>
        <line num="177" type="stmt" count="1"/>
        <metrics loc="178" ncloc="135" classes="1" methods="7" coveredmethods="7" statements="67" coveredstatements="67" elements="74" coveredelements="74"/>
      </file>
      <file name="/home/manu/Desktop/workspace/example.com/trunk/components/aop/source/pointcut/PointcutMatcherFactory.php">
        <class name="de\PointcutMatcherFactory" namespace="de" fullPackage="de">
          <metrics methods="7" coveredmethods="7" statements="11" coveredstatements="11" elements="18" coveredelements="18"/>
        </class>
        <line num="31" type="method" name="de\get" count="9"/>
        <line num="33" type="stmt" count="9"/>
        <line num="34" type="stmt" count="9"/>
        <line num="35" type="stmt" count="1"/>
        <line num="37" type="stmt" count="8"/>
        <line num="45" type="method" name="de\set" count="11"/>
        <line num="47" type="stmt" count="11"/>
        <line num="48" type="stmt" count="11"/>
        <line num="57" type="method" name="de\createExecutionMatcher" count="3"/>
        <line num="59" type="stmt" count="3"/>
        <line num="68" type="method" name="de\createNamedMatcher" count="3"/>
        <line num="70" type="stmt" count="3"/>
        <line num="78" type="method" name="de\createNotMatcher" count="2"/>
        <line num="80" type="stmt" count="2"/>
        <line num="89" type="method" name="de\createAndMatcher" count="1"/>
        <line num="91" type="stmt" count="1"/>
        <line num="100" type="method" name="de\createOrMatcher" count="2"/>
        <line num="102" type="stmt" count="2"/>
        <metrics loc="103" ncloc="50" classes="1" methods="7" coveredmethods="7" statements="11" coveredstatements="11" elements="18" coveredelements="18"/>
      </file>
      <file name="/home/manu/Desktop/workspace/example.com/trunk/components/aop/source/exceptions/Exception.php">
        <class name="de\Exception" namespace="de" fullPackage="de">
          <metrics methods="0" coveredmethods="0" statements="0" coveredstatements="0" elements="0" coveredelements="0"/>
        </class>
        <metrics loc="19" ncloc="7" classes="1" methods="0" coveredmethods="0" statements="0" coveredstatements="0" elements="0" coveredelements="0"/>
      </file>
      <file name="/home/manu/Desktop/workspace/example.com/trunk/components/aop/source/pointcut/PointcutOrMatcher.php">
        <class name="de\PointcutOrMatcher" namespace="de" fullPackage="de">
          <metrics methods="1" coveredmethods="1" statements="1" coveredstatements="1" elements="2" coveredelements="2"/>
        </class>
        <line num="28" type="method" name="de\match" count="4"/>
        <line num="30" type="stmt" count="4"/>
        <metrics loc="31" ncloc="14" classes="1" methods="1" coveredmethods="1" statements="1" coveredstatements="1" elements="2" coveredelements="2"/>
      </file>
      <file name="/home/manu/Desktop/workspace/example.com/trunk/components/aop/source/pointcut/PointcutNotMatcher.php">
        <class name="de\PointcutNotMatcher" namespace="de" fullPackage="de">
          <metrics methods="2" coveredmethods="2" statements="3" coveredstatements="3" elements="5" coveredelements="5"/>
        </class>
        <line num="32" type="method" name="de\__construct" count="4"/>
        <line num="34" type="stmt" count="4"/>
        <line num="35" type="stmt" count="4"/>
        <line num="41" type="method" name="de\match" count="2"/>
        <line num="43" type="stmt" count="2"/>
        <metrics loc="44" ncloc="21" classes="1" methods="2" coveredmethods="2" statements="3" coveredstatements="3" elements="5" coveredelements="5"/>
      </file>
      <file name="/home/manu/Desktop/workspace/example.com/trunk/components/aop/source/pointcut/PointcutNamedMatcher.php">
        <class name="de\PointcutNamedMatcher" namespace="de" fullPackage="de">
          <metrics methods="1" coveredmethods="0" statements="1" coveredstatements="0" elements="2" coveredelements="0"/>
        </class>
        <line num="29" type="method" name="de\match" count="0"/>
        <line num="32" type="stmt" count="0"/>
        <metrics loc="32" ncloc="15" classes="1" methods="1" coveredmethods="0" statements="1" coveredstatements="0" elements="2" coveredelements="0"/>
      </file>
    </package>
    <file name="/home/manu/Desktop/workspace/example.com/trunk/components/aop/source/interfaces/PointcutMatcher.php">
      <metrics loc="24" ncloc="7" classes="0" methods="0" coveredmethods="0" statements="0" coveredstatements="0" elements="0" coveredelements="0"/>
    </file>
    <file name="/home/manu/Desktop/workspace/example.com/trunk/components/aop/source/interfaces/JoinPoint.php">
      <metrics loc="32" ncloc="11" classes="0" methods="0" coveredmethods="0" statements="0" coveredstatements="0" elements="0" coveredelements="0"/>
    </file>
    <metrics files="12" loc="658" ncloc="363" classes="10" methods="27" coveredmethods="26" statements="110" coveredstatements="109" elements="137" coveredelements="135"/>
  </project>
</coverage>
